[2024-09-18T22:46:41.108+0000] {manager.py:487} INFO - Processing files using up to 2 processes at a time 
[2024-09-18T22:46:41.108+0000] {manager.py:488} INFO - Process each file at most once every 30 seconds
[2024-09-18T22:46:41.109+0000] {manager.py:489} INFO - Checking for new files in /opt/airflow/dags every 300 seconds
[2024-09-18T22:46:41.109+0000] {manager.py:759} INFO - Searching for files in /opt/airflow/dags
[2024-09-18T22:46:41.110+0000] {manager.py:762} INFO - There are 0 files in /opt/airflow/dags
[2024-09-18T22:51:41.755+0000] {manager.py:759} INFO - Searching for files in /opt/airflow/dags
[2024-09-18T22:51:41.762+0000] {manager.py:762} INFO - There are 0 files in /opt/airflow/dags
[2024-09-18T22:56:42.658+0000] {manager.py:759} INFO - Searching for files in /opt/airflow/dags
[2024-09-18T22:56:42.665+0000] {manager.py:762} INFO - There are 0 files in /opt/airflow/dags
[2024-09-18T23:35:37.202+0000] {manager.py:759} INFO - Searching for files in /opt/airflow/dags
[2024-09-18T23:35:37.207+0000] {manager.py:762} INFO - There are 0 files in /opt/airflow/dags
[2024-09-19T00:24:48.441+0000] {manager.py:759} INFO - Searching for files in /opt/airflow/dags
[2024-09-19T00:24:48.445+0000] {manager.py:762} INFO - There are 0 files in /opt/airflow/dags
[2024-09-19T00:36:51.464+0000] {manager.py:759} INFO - Searching for files in /opt/airflow/dags
[2024-09-19T00:36:51.466+0000] {manager.py:762} INFO - There are 0 files in /opt/airflow/dags
[2024-09-19T00:41:52.160+0000] {manager.py:759} INFO - Searching for files in /opt/airflow/dags
[2024-09-19T00:41:52.165+0000] {manager.py:762} INFO - There are 0 files in /opt/airflow/dags
[2024-09-19T00:46:52.315+0000] {manager.py:759} INFO - Searching for files in /opt/airflow/dags
[2024-09-19T00:46:52.322+0000] {manager.py:762} INFO - There are 1 files in /opt/airflow/dags
[2024-09-19T00:54:56.053+0000] {manager.py:759} INFO - Searching for files in /opt/airflow/dags
[2024-09-19T00:54:56.055+0000] {manager.py:762} INFO - There are 1 files in /opt/airflow/dags
[2024-09-19T00:55:11.198+0000] {manager.py:893} INFO - 
================================================================================
DAG File Processing Stats

File Path                        PID    Runtime      # DAGs    # Errors  Last Runtime    Last Run
-------------------------------  -----  ---------  --------  ----------  --------------  -------------------
/opt/airflow/dags/reddit_day.py                           0           1  0.05s           2024-09-19T00:54:56
================================================================================
[2024-09-19T00:55:41.468+0000] {manager.py:469} INFO - Exiting gracefully upon receiving signal 15
